/!\ FAILSAFE /!\  2011-10-29 11:43:08 +0200
  Status: 500 Internal Server Error
  no such file to load -- sqlite3
    /home/mc/.rvm/rubies/ruby-1.9.2-p180/lib/ruby/site_ruby/1.9.1/rubygems/custom_require.rb:36:in `require'
    /home/mc/.rvm/rubies/ruby-1.9.2-p180/lib/ruby/site_ruby/1.9.1/rubygems/custom_require.rb:36:in `require'
    /home/mc/.rvm/gems/ruby-1.9.2-p180@rails2_3/gems/activesupport-2.3.14/lib/active_support/dependencies.rb:182:in `block in require'
    /home/mc/.rvm/gems/ruby-1.9.2-p180@rails2_3/gems/activesupport-2.3.14/lib/active_support/dependencies.rb:547:in `new_constants_in'
    /home/mc/.rvm/gems/ruby-1.9.2-p180@rails2_3/gems/activesupport-2.3.14/lib/active_support/dependencies.rb:182:in `require'
    /home/mc/.rvm/gems/ruby-1.9.2-p180@rails2_3/gems/activesupport-2.3.14/lib/active_support/core_ext/kernel/requires.rb:7:in `block in require_library_or_gem'
    /home/mc/.rvm/gems/ruby-1.9.2-p180@rails2_3/gems/activesupport-2.3.14/lib/active_support/core_ext/kernel/reporting.rb:11:in `silence_warnings'
    /home/mc/.rvm/gems/ruby-1.9.2-p180@rails2_3/gems/activesupport-2.3.14/lib/active_support/core_ext/kernel/requires.rb:5:in `require_library_or_gem'
    /home/mc/.rvm/gems/ruby-1.9.2-p180@rails2_3/gems/activerecord-2.3.14/lib/active_record/connection_adapters/sqlite3_adapter.rb:10:in `sqlite3_connection'
    /home/mc/.rvm/gems/ruby-1.9.2-p180@rails2_3/gems/activerecord-2.3.14/lib/active_record/connection_adapters/abstract/connection_pool.rb:223:in `new_connection'
    /home/mc/.rvm/gems/ruby-1.9.2-p180@rails2_3/gems/activerecord-2.3.14/lib/active_record/connection_adapters/abstract/connection_pool.rb:245:in `checkout_new_connection'
    /home/mc/.rvm/gems/ruby-1.9.2-p180@rails2_3/gems/activerecord-2.3.14/lib/active_record/connection_adapters/abstract/connection_pool.rb:188:in `block (2 levels) in checkout'
    /home/mc/.rvm/gems/ruby-1.9.2-p180@rails2_3/gems/activerecord-2.3.14/lib/active_record/connection_adapters/abstract/connection_pool.rb:184:in `loop'
    /home/mc/.rvm/gems/ruby-1.9.2-p180@rails2_3/gems/activerecord-2.3.14/lib/active_record/connection_adapters/abstract/connection_pool.rb:184:in `block in checkout'
    /home/mc/.rvm/rubies/ruby-1.9.2-p180/lib/ruby/1.9.1/monitor.rb:201:in `mon_synchronize'
    /home/mc/.rvm/gems/ruby-1.9.2-p180@rails2_3/gems/activerecord-2.3.14/lib/active_record/connection_adapters/abstract/connection_pool.rb:183:in `checkout'
    /home/mc/.rvm/gems/ruby-1.9.2-p180@rails2_3/gems/activerecord-2.3.14/lib/active_record/connection_adapters/abstract/connection_pool.rb:98:in `connection'
    /home/mc/.rvm/gems/ruby-1.9.2-p180@rails2_3/gems/activerecord-2.3.14/lib/active_record/connection_adapters/abstract/connection_pool.rb:326:in `retrieve_connection'
    /home/mc/.rvm/gems/ruby-1.9.2-p180@rails2_3/gems/activerecord-2.3.14/lib/active_record/connection_adapters/abstract/connection_specification.rb:123:in `retrieve_connection'
    /home/mc/.rvm/gems/ruby-1.9.2-p180@rails2_3/gems/activerecord-2.3.14/lib/active_record/connection_adapters/abstract/connection_specification.rb:115:in `connection'
    /home/mc/.rvm/gems/ruby-1.9.2-p180@rails2_3/gems/activerecord-2.3.14/lib/active_record/query_cache.rb:9:in `cache'
    /home/mc/.rvm/gems/ruby-1.9.2-p180@rails2_3/gems/activerecord-2.3.14/lib/active_record/query_cache.rb:28:in `call'
    /home/mc/.rvm/gems/ruby-1.9.2-p180@rails2_3/gems/activerecord-2.3.14/lib/active_record/connection_adapters/abstract/connection_pool.rb:361:in `call'
    /home/mc/.rvm/gems/ruby-1.9.2-p180@rails2_3/gems/actionpack-2.3.14/lib/action_controller/string_coercion.rb:25:in `call'
    /home/mc/.rvm/gems/ruby-1.9.2-p180@rails2_3/gems/rack-1.1.2/lib/rack/head.rb:9:in `call'
    /home/mc/.rvm/gems/ruby-1.9.2-p180@rails2_3/gems/rack-1.1.2/lib/rack/methodoverride.rb:24:in `call'
    /home/mc/.rvm/gems/ruby-1.9.2-p180@rails2_3/gems/actionpack-2.3.14/lib/action_controller/params_parser.rb:15:in `call'
    /home/mc/.rvm/gems/ruby-1.9.2-p180@rails2_3/gems/actionpack-2.3.14/lib/action_controller/session/cookie_store.rb:99:in `call'
    /home/mc/.rvm/gems/ruby-1.9.2-p180@rails2_3/gems/actionpack-2.3.14/lib/action_controller/failsafe.rb:26:in `call'
    /home/mc/.rvm/gems/ruby-1.9.2-p180@rails2_3/gems/rack-1.1.2/lib/rack/lock.rb:11:in `block in call'
    <internal:prelude>:10:in `synchronize'
    /home/mc/.rvm/gems/ruby-1.9.2-p180@rails2_3/gems/rack-1.1.2/lib/rack/lock.rb:11:in `call'
    /home/mc/.rvm/gems/ruby-1.9.2-p180@rails2_3/gems/actionpack-2.3.14/lib/action_controller/dispatcher.rb:114:in `block in call'
    /home/mc/.rvm/gems/ruby-1.9.2-p180@rails2_3/gems/actionpack-2.3.14/lib/action_controller/reloader.rb:34:in `run'
    /home/mc/.rvm/gems/ruby-1.9.2-p180@rails2_3/gems/actionpack-2.3.14/lib/action_controller/dispatcher.rb:108:in `call'
    /home/mc/.rvm/gems/ruby-1.9.2-p180@rails2_3/gems/rails-2.3.14/lib/rails/rack/static.rb:31:in `call'
    /home/mc/.rvm/gems/ruby-1.9.2-p180@rails2_3/gems/rack-1.1.2/lib/rack/urlmap.rb:47:in `block in call'
    /home/mc/.rvm/gems/ruby-1.9.2-p180@rails2_3/gems/rack-1.1.2/lib/rack/urlmap.rb:41:in `each'
    /home/mc/.rvm/gems/ruby-1.9.2-p180@rails2_3/gems/rack-1.1.2/lib/rack/urlmap.rb:41:in `call'
    /home/mc/.rvm/gems/ruby-1.9.2-p180@rails2_3/gems/rails-2.3.14/lib/rails/rack/log_tailer.rb:17:in `call'
    /home/mc/.rvm/gems/ruby-1.9.2-p180@rails2_3/gems/rack-1.1.2/lib/rack/content_length.rb:13:in `call'
    /home/mc/.rvm/gems/ruby-1.9.2-p180@rails2_3/gems/rack-1.1.2/lib/rack/handler/webrick.rb:48:in `service'
    /home/mc/.rvm/rubies/ruby-1.9.2-p180/lib/ruby/1.9.1/webrick/httpserver.rb:111:in `service'
    /home/mc/.rvm/rubies/ruby-1.9.2-p180/lib/ruby/1.9.1/webrick/httpserver.rb:70:in `run'
    /home/mc/.rvm/rubies/ruby-1.9.2-p180/lib/ruby/1.9.1/webrick/server.rb:183:in `block in start_thread'


Processing Documentation::FeaturesController#index (for 127.0.0.1 at 2011-10-29 11:43:57) [GET]
Rendering template within documentation/layouts/cucumber_fm
Rendering documentation/features/index
Completed in 45ms (View: 44 | 200 OK [http://localhost/documentation/features]


Processing Documentation::AssetsController#get (for 127.0.0.1 at 2011-10-29 11:43:57) [GET]
  Parameters: {"path"=>"bespin/BespinEmbedded.css"}
Completed in 5ms (View: 1 | 404 Not Found [http://localhost/documentation/assets/bespin/BespinEmbedded.css]


Processing Documentation::AssetsController#get (for 127.0.0.1 at 2011-10-29 11:43:57) [GET]
  Parameters: {"path"=>"stylesheets/device_width.css"}
Completed in 3ms (View: 1 | 404 Not Found [http://localhost/documentation/assets/stylesheets/device_width.css]


Processing Documentation::AssetsController#get (for 127.0.0.1 at 2011-10-29 11:43:57) [GET]
  Parameters: {"path"=>"stylesheets/layout.css"}
Completed in 3ms (View: 1 | 404 Not Found [http://localhost/documentation/assets/stylesheets/layout.css]


Processing Documentation::AssetsController#get (for 127.0.0.1 at 2011-10-29 11:43:57) [GET]
  Parameters: {"path"=>"stylesheets/inputs.css"}
Completed in 2ms (View: 1 | 404 Not Found [http://localhost/documentation/assets/stylesheets/inputs.css]


Processing Documentation::AssetsController#get (for 127.0.0.1 at 2011-10-29 11:43:57) [GET]
  Parameters: {"path"=>"bespin/BespinEmbedded.js"}
Completed in 2ms (View: 1 | 404 Not Found [http://localhost/documentation/assets/bespin/BespinEmbedded.js]


Processing Documentation::AssetsController#get (for 127.0.0.1 at 2011-10-29 11:43:57) [GET]
  Parameters: {"path"=>"stylesheets/reset.css"}
Completed in 3ms (View: 1 | 404 Not Found [http://localhost/documentation/assets/stylesheets/reset.css]


Processing Documentation::AssetsController#get (for 127.0.0.1 at 2011-10-29 11:43:58) [GET]
  Parameters: {"path"=>"stylesheets/inputs.css"}
Completed in 1ms (View: 0 | 404 Not Found [http://localhost/documentation/assets/stylesheets/inputs.css]


Processing Documentation::AssetsController#get (for 127.0.0.1 at 2011-10-29 11:43:58) [GET]
  Parameters: {"path"=>"stylesheets/reset.css"}
Completed in 1ms (View: 0 | 404 Not Found [http://localhost/documentation/assets/stylesheets/reset.css]


Processing Documentation::AssetsController#get (for 127.0.0.1 at 2011-10-29 11:43:58) [GET]
  Parameters: {"path"=>"stylesheets/layout.css"}
Completed in 1ms (View: 0 | 404 Not Found [http://localhost/documentation/assets/stylesheets/layout.css]


Processing Documentation::AssetsController#get (for 127.0.0.1 at 2011-10-29 11:43:58) [GET]
  Parameters: {"path"=>"stylesheets/device_width.css"}
Completed in 1ms (View: 0 | 404 Not Found [http://localhost/documentation/assets/stylesheets/device_width.css]
